[2023-06-27 19:16:19]--[src_cgi/dealfile_cgi.c:41]--mysql:[user=root,pwd=1,database=0voice_cloud_disk][2023-06-27 19:16:19]--[src_cgi/dealfile_cgi.c:46]--redis:[ip=127.0.0.1,port=6379]
[2023-06-27 19:20:00]--[src_cgi/dealfile_cgi.c:694]--cmd = pv
[2023-06-27 19:20:00]--[src_cgi/dealfile_cgi.c:726]--buf = {
    "filename": "1111.txt",
    "md5": "11b0203f3d6b6a8db690886a18f9a988",
    "token": "7e65ad7bd0bb6dc97b86be4f75727e11",
    "user": "zzzz"
}

[2023-06-27 19:20:00]--[src_cgi/dealfile_cgi.c:729]--user = zzzz, token = 7e65ad7bd0bb6dc97b86be4f75727e11, md5 = 11b0203f3d6b6a8db690886a18f9a988, file_name = 1111.txt
[2023-06-27 19:23:14]--[src_cgi/dealfile_cgi.c:694]--cmd = share
[2023-06-27 19:23:14]--[src_cgi/dealfile_cgi.c:726]--buf = {
    "filename": "1111.txt",
    "md5": "11b0203f3d6b6a8db690886a18f9a988",
    "token": "787121ca668916f512cc4dc55094e1d6",
    "user": "zzzz"
}

[2023-06-27 19:23:14]--[src_cgi/dealfile_cgi.c:729]--user = zzzz, token = 787121ca668916f512cc4dc55094e1d6, md5 = 11b0203f3d6b6a8db690886a18f9a988, file_name = 1111.txt
[2023-06-27 19:51:37]--[src_cgi/dealfile_cgi.c:694]--cmd = share
[2023-06-27 19:51:37]--[src_cgi/dealfile_cgi.c:726]--buf = {
    "filename": "0000.txt",
    "md5": "06def72f256697b6533eedb5c425f4ab",
    "token": "3a4969ae50293e1beaa857f3a4fe3eda",
    "user": "milo"
}

[2023-06-27 19:51:37]--[src_cgi/dealfile_cgi.c:729]--user = milo, token = 3a4969ae50293e1beaa857f3a4fe3eda, md5 = 06def72f256697b6533eedb5c425f4ab, file_name = 0000.txt
[2023-06-27 19:58:34]--[src_cgi/dealfile_cgi.c:41]--mysql:[user=root,pwd=1,database=0voice_cloud_disk][2023-06-27 19:58:34]--[src_cgi/dealfile_cgi.c:46]--redis:[ip=127.0.0.1,port=6379]
