[2023-06-27 19:16:30]--[src_cgi/login_cgi.c:287]--buf = {
    "pwd": "96e79218965eb72c92a549dd5a330112",
    "user": "zzzz"
}

[2023-06-27 19:16:30]--[src_cgi/login_cgi.c:293]--username = zzzz, pwd = 96e79218965eb72c92a549dd5a330112
[2023-06-27 19:16:30]--[src_cgi/login_cgi.c:100]--mysql_user = root, mysql_pwd = 1, mysql_db = 0voice_cloud_disk
[2023-06-27 19:16:30]--[src_cgi/login_cgi.c:160]--redis:[ip=127.0.0.1,port=6379]
[2023-06-27 19:16:30]--[src_cgi/login_cgi.c:184]--tmp = zzzz986581131172
[2023-06-27 19:16:30]--[src_cgi/login_cgi.c:200]--base64 = 2vg5618IL/AVDEGbRzalYi0ZxLNK7pNJ
[2023-06-27 19:16:30]--[src_cgi/login_cgi.c:302]--token = cca87a6a8a283be0fadea62c81cdbc3a
[2023-06-27 19:18:01]--[src_cgi/login_cgi.c:287]--buf = {
    "pwd": "96e79218965eb72c92a549dd5a330112",
    "user": "zzzz"
}

[2023-06-27 19:18:01]--[src_cgi/login_cgi.c:293]--username = zzzz, pwd = 96e79218965eb72c92a549dd5a330112
[2023-06-27 19:18:01]--[src_cgi/login_cgi.c:100]--mysql_user = root, mysql_pwd = 1, mysql_db = 0voice_cloud_disk
[2023-06-27 19:18:01]--[src_cgi/login_cgi.c:160]--redis:[ip=127.0.0.1,port=6379]
[2023-06-27 19:18:01]--[src_cgi/login_cgi.c:184]--tmp = zzzz84344348127
[2023-06-27 19:18:01]--[src_cgi/login_cgi.c:200]--base64 = 75mBSOflQcIWcsj/KO5HHg==
[2023-06-27 19:18:01]--[src_cgi/login_cgi.c:302]--token = 8ee1a206734287a8640a2b621295a4d8
[2023-06-27 19:19:25]--[src_cgi/login_cgi.c:287]--buf = {
    "pwd": "96e79218965eb72c92a549dd5a330112",
    "user": "zzzz"
}

[2023-06-27 19:19:25]--[src_cgi/login_cgi.c:293]--username = zzzz, pwd = 96e79218965eb72c92a549dd5a330112
[2023-06-27 19:19:25]--[src_cgi/login_cgi.c:100]--mysql_user = root, mysql_pwd = 1, mysql_db = 0voice_cloud_disk
[2023-06-27 19:19:25]--[src_cgi/login_cgi.c:160]--redis:[ip=127.0.0.1,port=6379]
[2023-06-27 19:19:25]--[src_cgi/login_cgi.c:184]--tmp = zzzz251288135800
[2023-06-27 19:19:25]--[src_cgi/login_cgi.c:200]--base64 = pWTQN4gYUKf84dUxa82KXy0ZxLNK7pNJ
[2023-06-27 19:19:25]--[src_cgi/login_cgi.c:302]--token = 7e65ad7bd0bb6dc97b86be4f75727e11
[2023-06-27 19:23:07]--[src_cgi/login_cgi.c:287]--buf = {
    "pwd": "96e79218965eb72c92a549dd5a330112",
    "user": "zzzz"
}

[2023-06-27 19:23:07]--[src_cgi/login_cgi.c:293]--username = zzzz, pwd = 96e79218965eb72c92a549dd5a330112
[2023-06-27 19:23:07]--[src_cgi/login_cgi.c:100]--mysql_user = root, mysql_pwd = 1, mysql_db = 0voice_cloud_disk
[2023-06-27 19:23:07]--[src_cgi/login_cgi.c:160]--redis:[ip=127.0.0.1,port=6379]
[2023-06-27 19:23:07]--[src_cgi/login_cgi.c:184]--tmp = zzzz93985362553
[2023-06-27 19:23:07]--[src_cgi/login_cgi.c:200]--base64 = ei21yrY8ldvkGRiTCg1WtQ==
[2023-06-27 19:23:07]--[src_cgi/login_cgi.c:302]--token = 787121ca668916f512cc4dc55094e1d6
[2023-06-27 19:51:01]--[src_cgi/login_cgi.c:287]--buf = {
    "pwd": "96e79218965eb72c92a549dd5a330112",
    "user": "zzzz"
}

[2023-06-27 19:51:01]--[src_cgi/login_cgi.c:293]--username = zzzz, pwd = 96e79218965eb72c92a549dd5a330112
[2023-06-27 19:51:01]--[src_cgi/login_cgi.c:100]--mysql_user = root, mysql_pwd = 1, mysql_db = 0voice_cloud_disk
[2023-06-27 19:51:01]--[src_cgi/login_cgi.c:160]--redis:[ip=127.0.0.1,port=6379]
[2023-06-27 19:51:01]--[src_cgi/login_cgi.c:184]--tmp = zzzz276197322239
[2023-06-27 19:51:01]--[src_cgi/login_cgi.c:200]--base64 = i7BoSRfJBe3v1nZyj/0e3C0ZxLNK7pNJ
[2023-06-27 19:51:01]--[src_cgi/login_cgi.c:302]--token = 2862a5028339df5f5cea3ba2dd0fd4ef
[2023-06-27 19:51:09]--[src_cgi/login_cgi.c:287]--buf = {
    "pwd": "e10adc3949ba59abbe56e057f20f883e",
    "user": "milo"
}

[2023-06-27 19:51:09]--[src_cgi/login_cgi.c:293]--username = milo, pwd = e10adc3949ba59abbe56e057f20f883e
[2023-06-27 19:51:09]--[src_cgi/login_cgi.c:100]--mysql_user = root, mysql_pwd = 1, mysql_db = 0voice_cloud_disk
[2023-06-27 19:51:09]--[src_cgi/login_cgi.c:160]--redis:[ip=127.0.0.1,port=6379]
[2023-06-27 19:51:09]--[src_cgi/login_cgi.c:184]--tmp = milo78395488495
[2023-06-27 19:51:09]--[src_cgi/login_cgi.c:200]--base64 = LEwsKGxysAnMGDDrrQ8cGg==
[2023-06-27 19:51:09]--[src_cgi/login_cgi.c:302]--token = 3a4969ae50293e1beaa857f3a4fe3eda
[2023-06-27 20:04:53]--[src_cgi/login_cgi.c:287]--buf = {
    "pwd": "96e79218965eb72c92a549dd5a330112",
    "user": "zxp"
}

[2023-06-27 20:04:53]--[src_cgi/login_cgi.c:293]--username = zxp, pwd = 96e79218965eb72c92a549dd5a330112
[2023-06-27 20:04:53]--[src_cgi/login_cgi.c:100]--mysql_user = root, mysql_pwd = 1, mysql_db = 0voice_cloud_disk
[2023-06-27 20:04:53]--[src_cgi/login_cgi.c:160]--redis:[ip=127.0.0.1,port=6379]
[2023-06-27 20:04:53]--[src_cgi/login_cgi.c:184]--tmp = zxp87037146861
[2023-06-27 20:04:53]--[src_cgi/login_cgi.c:200]--base64 = xEABm2TNRLPlfCw2L3FSVA==
[2023-06-27 20:04:53]--[src_cgi/login_cgi.c:302]--token = 8dcbf006600de7cd3f07a3702cf7a6c2
