[2023-06-27 19:16:19]--[src_cgi/md5_cgi.c:39]--mysql:[user=root,pwd=1,database=0voice_cloud_disk][2023-06-27 19:17:11]--[src_cgi/md5_cgi.c:337]--buf = {
    "fileName": "cloud-disk-master.zip",
    "md5": "14c0e4c5a6993579b8403dfe7ff77289",
    "token": "cca87a6a8a283be0fadea62c81cdbc3a",
    "user": "zzzz"
}

[2023-06-27 19:17:11]--[src_cgi/md5_cgi.c:359]--user = zzzz, token = cca87a6a8a283be0fadea62c81cdbc3a, md5 = 14c0e4c5a6993579b8403dfe7ff77289, filename = cloud-disk-master.zip
[2023-06-27 19:19:07]--[src_cgi/md5_cgi.c:337]--buf = {
    "fileName": "1111.txt",
    "md5": "11b0203f3d6b6a8db690886a18f9a988",
    "token": "8ee1a206734287a8640a2b621295a4d8",
    "user": "zzzz"
}

[2023-06-27 19:19:07]--[src_cgi/md5_cgi.c:359]--user = zzzz, token = 8ee1a206734287a8640a2b621295a4d8, md5 = 11b0203f3d6b6a8db690886a18f9a988, filename = 1111.txt
[2023-06-27 19:51:24]--[src_cgi/md5_cgi.c:337]--buf = {
    "fileName": "0000.txt",
    "md5": "06def72f256697b6533eedb5c425f4ab",
    "token": "3a4969ae50293e1beaa857f3a4fe3eda",
    "user": "milo"
}

[2023-06-27 19:51:24]--[src_cgi/md5_cgi.c:359]--user = milo, token = 3a4969ae50293e1beaa857f3a4fe3eda, md5 = 06def72f256697b6533eedb5c425f4ab, filename = 0000.txt
[2023-06-27 19:52:56]--[src_cgi/md5_cgi.c:337]--buf = {
    "fileName": "cloud-disk-master.zip",
    "md5": "14c0e4c5a6993579b8403dfe7ff77289",
    "token": "3a4969ae50293e1beaa857f3a4fe3eda",
    "user": "milo"
}

[2023-06-27 19:52:56]--[src_cgi/md5_cgi.c:359]--user = milo, token = 3a4969ae50293e1beaa857f3a4fe3eda, md5 = 14c0e4c5a6993579b8403dfe7ff77289, filename = cloud-disk-master.zip
[2023-06-27 19:58:33]--[src_cgi/md5_cgi.c:39]--mysql:[user=root,pwd=1,database=0voice_cloud_disk]