11761:C 20 May 2021 14:50:23.265 # oO0OoO0OoO0Oo Redis is starting oO0OoO0OoO0Oo
11761:C 20 May 2021 14:50:23.265 # Redis version=6.2.3, bits=64, commit=00000000, modified=0, pid=11761, just started
11761:C 20 May 2021 14:50:23.265 # Configuration loaded
11761:M 20 May 2021 14:50:23.266 * monotonic clock: POSIX clock_gettime
11761:M 20 May 2021 14:50:23.266 # Warning: Could not create server TCP listening socket ::1:6379: bind: Cannot assign requested address
11761:M 20 May 2021 14:50:23.266 * Running mode=standalone, port=6379.
11761:M 20 May 2021 14:50:23.266 # WARNING: The TCP backlog setting of 511 cannot be enforced because /proc/sys/net/core/somaxconn is set to the lower value of 128.
11761:M 20 May 2021 14:50:23.266 # Server initialized
11761:M 20 May 2021 14:50:23.266 # WARNING overcommit_memory is set to 0! Background save may fail under low memory condition. To fix this issue add 'vm.overcommit_memory = 1' to /etc/sysctl.conf and then reboot or run the command 'sysctl vm.overcommit_memory=1' for this to take effect.
11761:M 20 May 2021 14:50:23.267 * Ready to accept connections
11890:C 20 May 2021 14:50:48.804 # oO0OoO0OoO0Oo Redis is starting oO0OoO0OoO0Oo
11890:C 20 May 2021 14:50:48.804 # Redis version=6.2.3, bits=64, commit=00000000, modified=0, pid=11890, just started
11890:C 20 May 2021 14:50:48.804 # Configuration loaded
11890:M 20 May 2021 14:50:48.805 * monotonic clock: POSIX clock_gettime
11890:M 20 May 2021 14:50:48.805 # Warning: Could not create server TCP listening socket ::1:6379: bind: Cannot assign requested address
11890:M 20 May 2021 14:50:48.805 * Running mode=standalone, port=6379.
11890:M 20 May 2021 14:50:48.805 # WARNING: The TCP backlog setting of 511 cannot be enforced because /proc/sys/net/core/somaxconn is set to the lower value of 128.
11890:M 20 May 2021 14:50:48.805 # Server initialized
11890:M 20 May 2021 14:50:48.805 # WARNING overcommit_memory is set to 0! Background save may fail under low memory condition. To fix this issue add 'vm.overcommit_memory = 1' to /etc/sysctl.conf and then reboot or run the command 'sysctl vm.overcommit_memory=1' for this to take effect.
11890:M 20 May 2021 14:50:48.806 * Ready to accept connections
11890:M 20 May 2021 15:50:49.032 * 1 changes in 3600 seconds. Saving...
11890:M 20 May 2021 15:50:49.033 * Background saving started by pid 12160
12160:C 20 May 2021 15:50:49.038 * DB saved on disk
12160:C 20 May 2021 15:50:49.039 * RDB: 0 MB of memory used by copy-on-write
11890:M 20 May 2021 15:50:49.133 * Background saving terminated with success
125928:C 25 Jun 2023 19:44:42.550 # oO0OoO0OoO0Oo Redis is starting oO0OoO0OoO0Oo
125928:C 25 Jun 2023 19:44:42.550 # Redis version=6.2.3, bits=64, commit=00000000, modified=0, pid=125928, just started
125928:C 25 Jun 2023 19:44:42.550 # Configuration loaded
125928:M 25 Jun 2023 19:44:42.550 * Increased maximum number of open files to 10032 (it was originally set to 1024).
125928:M 25 Jun 2023 19:44:42.550 * monotonic clock: POSIX clock_gettime
125928:M 25 Jun 2023 19:44:42.551 * Running mode=standalone, port=6379.
125928:M 25 Jun 2023 19:44:42.551 # WARNING: The TCP backlog setting of 511 cannot be enforced because /proc/sys/net/core/somaxconn is set to the lower value of 128.
125928:M 25 Jun 2023 19:44:42.551 # Server initialized
125928:M 25 Jun 2023 19:44:42.551 # WARNING overcommit_memory is set to 0! Background save may fail under low memory condition. To fix this issue add 'vm.overcommit_memory = 1' to /etc/sysctl.conf and then reboot or run the command 'sysctl vm.overcommit_memory=1' for this to take effect.
125928:M 25 Jun 2023 19:44:42.551 * Loading RDB produced by version 6.2.3
125928:M 25 Jun 2023 19:44:42.551 * RDB age 66196433 seconds
125928:M 25 Jun 2023 19:44:42.551 * RDB memory usage when created 0.77 Mb
125928:M 25 Jun 2023 19:44:42.551 * DB loaded from disk: 0.000 seconds
125928:M 25 Jun 2023 19:44:42.551 * Ready to accept connections
126011:C 25 Jun 2023 19:48:22.622 # oO0OoO0OoO0Oo Redis is starting oO0OoO0OoO0Oo
126011:C 25 Jun 2023 19:48:22.622 # Redis version=6.2.3, bits=64, commit=00000000, modified=0, pid=126011, just started
126011:C 25 Jun 2023 19:48:22.622 # Configuration loaded
126011:M 25 Jun 2023 19:48:22.623 * Increased maximum number of open files to 10032 (it was originally set to 1024).
126011:M 25 Jun 2023 19:48:22.623 * monotonic clock: POSIX clock_gettime
126011:M 25 Jun 2023 19:48:22.623 * Running mode=standalone, port=6379.
126011:M 25 Jun 2023 19:48:22.623 # WARNING: The TCP backlog setting of 511 cannot be enforced because /proc/sys/net/core/somaxconn is set to the lower value of 128.
126011:M 25 Jun 2023 19:48:22.623 # Server initialized
126011:M 25 Jun 2023 19:48:22.623 # WARNING overcommit_memory is set to 0! Background save may fail under low memory condition. To fix this issue add 'vm.overcommit_memory = 1' to /etc/sysctl.conf and then reboot or run the command 'sysctl vm.overcommit_memory=1' for this to take effect.
126011:M 25 Jun 2023 19:48:22.624 * Loading RDB produced by version 6.2.3
126011:M 25 Jun 2023 19:48:22.624 * RDB age 66196653 seconds
126011:M 25 Jun 2023 19:48:22.624 * RDB memory usage when created 0.77 Mb
126011:M 25 Jun 2023 19:48:22.624 * DB loaded from disk: 0.000 seconds
126011:M 25 Jun 2023 19:48:22.624 * Ready to accept connections
128528:C 25 Jun 2023 20:16:08.430 # oO0OoO0OoO0Oo Redis is starting oO0OoO0OoO0Oo
128528:C 25 Jun 2023 20:16:08.430 # Redis version=6.2.3, bits=64, commit=00000000, modified=0, pid=128528, just started
128528:C 25 Jun 2023 20:16:08.430 # Configuration loaded
128528:M 25 Jun 2023 20:16:08.430 * Increased maximum number of open files to 10032 (it was originally set to 1024).
128528:M 25 Jun 2023 20:16:08.430 * monotonic clock: POSIX clock_gettime
128528:M 25 Jun 2023 20:16:08.431 * Running mode=standalone, port=6379.
128528:M 25 Jun 2023 20:16:08.431 # WARNING: The TCP backlog setting of 511 cannot be enforced because /proc/sys/net/core/somaxconn is set to the lower value of 128.
128528:M 25 Jun 2023 20:16:08.431 # Server initialized
128528:M 25 Jun 2023 20:16:08.431 # WARNING overcommit_memory is set to 0! Background save may fail under low memory condition. To fix this issue add 'vm.overcommit_memory = 1' to /etc/sysctl.conf and then reboot or run the command 'sysctl vm.overcommit_memory=1' for this to take effect.
128528:M 25 Jun 2023 20:16:08.431 * Loading RDB produced by version 6.2.3
128528:M 25 Jun 2023 20:16:08.431 * RDB age 66198319 seconds
128528:M 25 Jun 2023 20:16:08.431 * RDB memory usage when created 0.77 Mb
128528:M 25 Jun 2023 20:16:08.431 * DB loaded from disk: 0.000 seconds
128528:M 25 Jun 2023 20:16:08.431 * Ready to accept connections
128645:C 25 Jun 2023 20:16:25.258 # oO0OoO0OoO0Oo Redis is starting oO0OoO0OoO0Oo
128645:C 25 Jun 2023 20:16:25.258 # Redis version=6.2.3, bits=64, commit=00000000, modified=0, pid=128645, just started
128645:C 25 Jun 2023 20:16:25.258 # Configuration loaded
128645:M 25 Jun 2023 20:16:25.258 * Increased maximum number of open files to 10032 (it was originally set to 1024).
128645:M 25 Jun 2023 20:16:25.258 * monotonic clock: POSIX clock_gettime
128645:M 25 Jun 2023 20:16:25.258 * Running mode=standalone, port=6379.
128645:M 25 Jun 2023 20:16:25.258 # WARNING: The TCP backlog setting of 511 cannot be enforced because /proc/sys/net/core/somaxconn is set to the lower value of 128.
128645:M 25 Jun 2023 20:16:25.258 # Server initialized
128645:M 25 Jun 2023 20:16:25.258 # WARNING overcommit_memory is set to 0! Background save may fail under low memory condition. To fix this issue add 'vm.overcommit_memory = 1' to /etc/sysctl.conf and then reboot or run the command 'sysctl vm.overcommit_memory=1' for this to take effect.
128645:M 25 Jun 2023 20:16:25.259 * Loading RDB produced by version 6.2.3
128645:M 25 Jun 2023 20:16:25.259 * RDB age 66198336 seconds
128645:M 25 Jun 2023 20:16:25.259 * RDB memory usage when created 0.77 Mb
128645:M 25 Jun 2023 20:16:25.259 * DB loaded from disk: 0.000 seconds
128645:M 25 Jun 2023 20:16:25.259 * Ready to accept connections
128775:C 25 Jun 2023 20:17:16.124 # oO0OoO0OoO0Oo Redis is starting oO0OoO0OoO0Oo
128775:C 25 Jun 2023 20:17:16.124 # Redis version=6.2.3, bits=64, commit=00000000, modified=0, pid=128775, just started
128775:C 25 Jun 2023 20:17:16.124 # Configuration loaded
128775:M 25 Jun 2023 20:17:16.125 * Increased maximum number of open files to 10032 (it was originally set to 1024).
128775:M 25 Jun 2023 20:17:16.125 * monotonic clock: POSIX clock_gettime
128775:M 25 Jun 2023 20:17:16.125 * Running mode=standalone, port=6379.
128775:M 25 Jun 2023 20:17:16.125 # WARNING: The TCP backlog setting of 511 cannot be enforced because /proc/sys/net/core/somaxconn is set to the lower value of 128.
128775:M 25 Jun 2023 20:17:16.125 # Server initialized
128775:M 25 Jun 2023 20:17:16.125 # WARNING overcommit_memory is set to 0! Background save may fail under low memory condition. To fix this issue add 'vm.overcommit_memory = 1' to /etc/sysctl.conf and then reboot or run the command 'sysctl vm.overcommit_memory=1' for this to take effect.
128775:M 25 Jun 2023 20:17:16.125 * Loading RDB produced by version 6.2.3
128775:M 25 Jun 2023 20:17:16.125 * RDB age 66198387 seconds
128775:M 25 Jun 2023 20:17:16.125 * RDB memory usage when created 0.77 Mb
128775:M 25 Jun 2023 20:17:16.125 * DB loaded from disk: 0.000 seconds
128775:M 25 Jun 2023 20:17:16.125 * Ready to accept connections
128945:C 25 Jun 2023 20:22:29.703 # oO0OoO0OoO0Oo Redis is starting oO0OoO0OoO0Oo
128945:C 25 Jun 2023 20:22:29.703 # Redis version=6.2.3, bits=64, commit=00000000, modified=0, pid=128945, just started
128945:C 25 Jun 2023 20:22:29.703 # Configuration loaded
128945:M 25 Jun 2023 20:22:29.703 * Increased maximum number of open files to 10032 (it was originally set to 1024).
128945:M 25 Jun 2023 20:22:29.703 * monotonic clock: POSIX clock_gettime
128945:M 25 Jun 2023 20:22:29.704 * Running mode=standalone, port=6379.
128945:M 25 Jun 2023 20:22:29.704 # WARNING: The TCP backlog setting of 511 cannot be enforced because /proc/sys/net/core/somaxconn is set to the lower value of 128.
128945:M 25 Jun 2023 20:22:29.704 # Server initialized
128945:M 25 Jun 2023 20:22:29.704 # WARNING overcommit_memory is set to 0! Background save may fail under low memory condition. To fix this issue add 'vm.overcommit_memory = 1' to /etc/sysctl.conf and then reboot or run the command 'sysctl vm.overcommit_memory=1' for this to take effect.
128945:M 25 Jun 2023 20:22:29.704 * Loading RDB produced by version 6.2.3
128945:M 25 Jun 2023 20:22:29.704 * RDB age 66198700 seconds
128945:M 25 Jun 2023 20:22:29.704 * RDB memory usage when created 0.77 Mb
128945:M 25 Jun 2023 20:22:29.704 * DB loaded from disk: 0.000 seconds
128945:M 25 Jun 2023 20:22:29.704 * Ready to accept connections
1805:C 27 Jun 2023 18:07:15.688 # oO0OoO0OoO0Oo Redis is starting oO0OoO0OoO0Oo
1805:C 27 Jun 2023 18:07:15.689 # Redis version=6.2.3, bits=64, commit=00000000, modified=0, pid=1805, just started
1805:C 27 Jun 2023 18:07:15.689 # Configuration loaded
1805:M 27 Jun 2023 18:07:15.690 * Increased maximum number of open files to 10032 (it was originally set to 1024).
1805:M 27 Jun 2023 18:07:15.690 * monotonic clock: POSIX clock_gettime
1805:M 27 Jun 2023 18:07:15.692 * Running mode=standalone, port=6379.
1805:M 27 Jun 2023 18:07:15.692 # WARNING: The TCP backlog setting of 511 cannot be enforced because /proc/sys/net/core/somaxconn is set to the lower value of 128.
1805:M 27 Jun 2023 18:07:15.692 # Server initialized
1805:M 27 Jun 2023 18:07:15.692 # WARNING overcommit_memory is set to 0! Background save may fail under low memory condition. To fix this issue add 'vm.overcommit_memory = 1' to /etc/sysctl.conf and then reboot or run the command 'sysctl vm.overcommit_memory=1' for this to take effect.
1805:M 27 Jun 2023 18:07:15.692 * Loading RDB produced by version 6.2.3
1805:M 27 Jun 2023 18:07:15.692 * RDB age 66363386 seconds
1805:M 27 Jun 2023 18:07:15.692 * RDB memory usage when created 0.77 Mb
1805:M 27 Jun 2023 18:07:15.693 * DB loaded from disk: 0.001 seconds
1805:M 27 Jun 2023 18:07:15.693 * Ready to accept connections
2531:C 27 Jun 2023 19:05:59.360 # oO0OoO0OoO0Oo Redis is starting oO0OoO0OoO0Oo
2531:C 27 Jun 2023 19:05:59.360 # Redis version=6.2.3, bits=64, commit=00000000, modified=0, pid=2531, just started
2531:C 27 Jun 2023 19:05:59.360 # Configuration loaded
2531:M 27 Jun 2023 19:05:59.360 * Increased maximum number of open files to 10032 (it was originally set to 1024).
2531:M 27 Jun 2023 19:05:59.360 * monotonic clock: POSIX clock_gettime
2531:M 27 Jun 2023 19:05:59.361 * Running mode=standalone, port=6379.
2531:M 27 Jun 2023 19:05:59.361 # WARNING: The TCP backlog setting of 511 cannot be enforced because /proc/sys/net/core/somaxconn is set to the lower value of 128.
2531:M 27 Jun 2023 19:05:59.361 # Server initialized
2531:M 27 Jun 2023 19:05:59.361 # WARNING overcommit_memory is set to 0! Background save may fail under low memory condition. To fix this issue add 'vm.overcommit_memory = 1' to /etc/sysctl.conf and then reboot or run the command 'sysctl vm.overcommit_memory=1' for this to take effect.
2531:M 27 Jun 2023 19:05:59.361 * Loading RDB produced by version 6.2.3
2531:M 27 Jun 2023 19:05:59.361 * RDB age 66366910 seconds
2531:M 27 Jun 2023 19:05:59.361 * RDB memory usage when created 0.77 Mb
2531:M 27 Jun 2023 19:05:59.361 * DB loaded from disk: 0.000 seconds
2531:M 27 Jun 2023 19:05:59.361 * Ready to accept connections
3003:C 27 Jun 2023 19:16:19.789 # oO0OoO0OoO0Oo Redis is starting oO0OoO0OoO0Oo
3003:C 27 Jun 2023 19:16:19.789 # Redis version=6.2.3, bits=64, commit=00000000, modified=0, pid=3003, just started
3003:C 27 Jun 2023 19:16:19.789 # Configuration loaded
3003:M 27 Jun 2023 19:16:19.789 * Increased maximum number of open files to 10032 (it was originally set to 1024).
3003:M 27 Jun 2023 19:16:19.789 * monotonic clock: POSIX clock_gettime
3003:M 27 Jun 2023 19:16:19.790 * Running mode=standalone, port=6379.
3003:M 27 Jun 2023 19:16:19.790 # WARNING: The TCP backlog setting of 511 cannot be enforced because /proc/sys/net/core/somaxconn is set to the lower value of 128.
3003:M 27 Jun 2023 19:16:19.790 # Server initialized
3003:M 27 Jun 2023 19:16:19.790 # WARNING overcommit_memory is set to 0! Background save may fail under low memory condition. To fix this issue add 'vm.overcommit_memory = 1' to /etc/sysctl.conf and then reboot or run the command 'sysctl vm.overcommit_memory=1' for this to take effect.
3003:M 27 Jun 2023 19:16:19.790 * Loading RDB produced by version 6.2.3
3003:M 27 Jun 2023 19:16:19.790 * RDB age 66367530 seconds
3003:M 27 Jun 2023 19:16:19.790 * RDB memory usage when created 0.77 Mb
3003:M 27 Jun 2023 19:16:19.790 * DB loaded from disk: 0.000 seconds
3003:M 27 Jun 2023 19:16:19.790 * Ready to accept connections
3362:C 27 Jun 2023 19:58:34.508 # oO0OoO0OoO0Oo Redis is starting oO0OoO0OoO0Oo
3362:C 27 Jun 2023 19:58:34.508 # Redis version=6.2.3, bits=64, commit=00000000, modified=0, pid=3362, just started
3362:C 27 Jun 2023 19:58:34.508 # Configuration loaded
3362:M 27 Jun 2023 19:58:34.509 * Increased maximum number of open files to 10032 (it was originally set to 1024).
3362:M 27 Jun 2023 19:58:34.509 * monotonic clock: POSIX clock_gettime
3362:M 27 Jun 2023 19:58:34.509 * Running mode=standalone, port=6379.
3362:M 27 Jun 2023 19:58:34.509 # WARNING: The TCP backlog setting of 511 cannot be enforced because /proc/sys/net/core/somaxconn is set to the lower value of 128.
3362:M 27 Jun 2023 19:58:34.509 # Server initialized
3362:M 27 Jun 2023 19:58:34.509 # WARNING overcommit_memory is set to 0! Background save may fail under low memory condition. To fix this issue add 'vm.overcommit_memory = 1' to /etc/sysctl.conf and then reboot or run the command 'sysctl vm.overcommit_memory=1' for this to take effect.
3362:M 27 Jun 2023 19:58:34.509 * Loading RDB produced by version 6.2.3
3362:M 27 Jun 2023 19:58:34.509 * RDB age 66370065 seconds
3362:M 27 Jun 2023 19:58:34.509 * RDB memory usage when created 0.77 Mb
3362:M 27 Jun 2023 19:58:34.509 * DB loaded from disk: 0.000 seconds
3362:M 27 Jun 2023 19:58:34.509 * Ready to accept connections
3362:M 29 Jun 2023 20:18:28.422 * 1 changes in 3600 seconds. Saving...
3362:M 29 Jun 2023 20:18:28.424 * Background saving started by pid 3525
3525:C 29 Jun 2023 20:18:28.471 * DB saved on disk
3525:C 29 Jun 2023 20:18:28.471 * RDB: 0 MB of memory used by copy-on-write
3362:M 29 Jun 2023 20:18:28.524 * Background saving terminated with success
3362:M 30 Jun 2023 20:56:45.676 * 1 changes in 3600 seconds. Saving...
3362:M 30 Jun 2023 20:56:45.676 * Background saving started by pid 4977
4977:C 30 Jun 2023 20:56:45.678 * DB saved on disk
4977:C 30 Jun 2023 20:56:45.678 * RDB: 0 MB of memory used by copy-on-write
3362:M 30 Jun 2023 20:56:45.777 * Background saving terminated with success
3362:M 30 Jun 2023 21:56:46.023 * 1 changes in 3600 seconds. Saving...
3362:M 30 Jun 2023 21:56:46.023 * Background saving started by pid 5412
5412:C 30 Jun 2023 21:56:46.025 * DB saved on disk
5412:C 30 Jun 2023 21:56:46.025 * RDB: 0 MB of memory used by copy-on-write
3362:M 30 Jun 2023 21:56:46.124 * Background saving terminated with success
3362:signal-handler (1690049524) Received SIGTERM scheduling shutdown...
3362:M 23 Jul 2023 02:12:04.960 # User requested shutdown...
3362:M 23 Jul 2023 02:12:04.961 * Saving the final RDB snapshot before exiting.
3362:M 23 Jul 2023 02:12:05.015 * DB saved on disk
3362:M 23 Jul 2023 02:12:05.015 * Removing the pid file.
3362:M 23 Jul 2023 02:12:05.017 # Redis is now ready to exit, bye bye...
2962:C 23 Jul 2023 02:32:47.546 # oO0OoO0OoO0Oo Redis is starting oO0OoO0OoO0Oo
2962:C 23 Jul 2023 02:32:47.547 # Redis version=6.2.3, bits=64, commit=00000000, modified=0, pid=2962, just started
2962:C 23 Jul 2023 02:32:47.547 # Configuration loaded
2962:M 23 Jul 2023 02:32:47.547 * Increased maximum number of open files to 10032 (it was originally set to 1024).
2962:M 23 Jul 2023 02:32:47.547 * monotonic clock: POSIX clock_gettime
2962:M 23 Jul 2023 02:32:47.551 * Running mode=standalone, port=6379.
2962:M 23 Jul 2023 02:32:47.551 # WARNING: The TCP backlog setting of 511 cannot be enforced because /proc/sys/net/core/somaxconn is set to the lower value of 128.
2962:M 23 Jul 2023 02:32:47.551 # Server initialized
2962:M 23 Jul 2023 02:32:47.551 # WARNING overcommit_memory is set to 0! Background save may fail under low memory condition. To fix this issue add 'vm.overcommit_memory = 1' to /etc/sysctl.conf and then reboot or run the command 'sysctl vm.overcommit_memory=1' for this to take effect.
2962:M 23 Jul 2023 02:32:47.553 * Loading RDB produced by version 6.2.3
2962:M 23 Jul 2023 02:32:47.553 * RDB age 1243 seconds
2962:M 23 Jul 2023 02:32:47.553 * RDB memory usage when created 0.77 Mb
2962:M 23 Jul 2023 02:32:47.553 * DB loaded from disk: 0.001 seconds
2962:M 23 Jul 2023 02:32:47.553 * Ready to accept connections
3084:C 23 Jul 2023 02:33:49.020 # oO0OoO0OoO0Oo Redis is starting oO0OoO0OoO0Oo
3084:C 23 Jul 2023 02:33:49.020 # Redis version=6.2.3, bits=64, commit=00000000, modified=0, pid=3084, just started
3084:C 23 Jul 2023 02:33:49.020 # Configuration loaded
3084:M 23 Jul 2023 02:33:49.020 * Increased maximum number of open files to 10032 (it was originally set to 1024).
3084:M 23 Jul 2023 02:33:49.020 * monotonic clock: POSIX clock_gettime
3084:M 23 Jul 2023 02:33:49.020 * Running mode=standalone, port=6379.
3084:M 23 Jul 2023 02:33:49.021 # WARNING: The TCP backlog setting of 511 cannot be enforced because /proc/sys/net/core/somaxconn is set to the lower value of 128.
3084:M 23 Jul 2023 02:33:49.021 # Server initialized
3084:M 23 Jul 2023 02:33:49.021 # WARNING overcommit_memory is set to 0! Background save may fail under low memory condition. To fix this issue add 'vm.overcommit_memory = 1' to /etc/sysctl.conf and then reboot or run the command 'sysctl vm.overcommit_memory=1' for this to take effect.
3084:M 23 Jul 2023 02:33:49.021 * Loading RDB produced by version 6.2.3
3084:M 23 Jul 2023 02:33:49.021 * RDB age 1305 seconds
3084:M 23 Jul 2023 02:33:49.021 * RDB memory usage when created 0.77 Mb
3084:M 23 Jul 2023 02:33:49.021 * DB loaded from disk: 0.000 seconds
3084:M 23 Jul 2023 02:33:49.021 * Ready to accept connections
3707:C 23 Jul 2023 04:14:32.355 # oO0OoO0OoO0Oo Redis is starting oO0OoO0OoO0Oo
3707:C 23 Jul 2023 04:14:32.355 # Redis version=6.2.3, bits=64, commit=00000000, modified=0, pid=3707, just started
3707:C 23 Jul 2023 04:14:32.355 # Configuration loaded
3707:M 23 Jul 2023 04:14:32.356 * Increased maximum number of open files to 10032 (it was originally set to 1024).
3707:M 23 Jul 2023 04:14:32.356 * monotonic clock: POSIX clock_gettime
3707:M 23 Jul 2023 04:14:32.356 * Running mode=standalone, port=6379.
3707:M 23 Jul 2023 04:14:32.356 # WARNING: The TCP backlog setting of 511 cannot be enforced because /proc/sys/net/core/somaxconn is set to the lower value of 128.
3707:M 23 Jul 2023 04:14:32.356 # Server initialized
3707:M 23 Jul 2023 04:14:32.356 # WARNING overcommit_memory is set to 0! Background save may fail under low memory condition. To fix this issue add 'vm.overcommit_memory = 1' to /etc/sysctl.conf and then reboot or run the command 'sysctl vm.overcommit_memory=1' for this to take effect.
3707:M 23 Jul 2023 04:14:32.356 * Loading RDB produced by version 6.2.3
3707:M 23 Jul 2023 04:14:32.356 * RDB age 7348 seconds
3707:M 23 Jul 2023 04:14:32.356 * RDB memory usage when created 0.77 Mb
3707:M 23 Jul 2023 04:14:32.357 * DB loaded from disk: 0.000 seconds
3707:M 23 Jul 2023 04:14:32.357 * Ready to accept connections
3707:M 23 Jul 2023 05:14:33.015 * 1 changes in 3600 seconds. Saving...
3707:M 23 Jul 2023 05:14:33.016 * Background saving started by pid 4067
4067:C 23 Jul 2023 05:14:33.017 * DB saved on disk
4067:C 23 Jul 2023 05:14:33.017 * RDB: 0 MB of memory used by copy-on-write
3707:M 23 Jul 2023 05:14:33.116 * Background saving terminated with success
3707:M 23 Jul 2023 06:14:34.025 * 1 changes in 3600 seconds. Saving...
3707:M 23 Jul 2023 06:14:34.025 * Background saving started by pid 5210
5210:C 23 Jul 2023 06:14:34.026 * DB saved on disk
5210:C 23 Jul 2023 06:14:34.027 * RDB: 0 MB of memory used by copy-on-write
3707:M 23 Jul 2023 06:14:34.126 * Background saving terminated with success
13911:C 05 Aug 2023 14:06:51.258 # oO0OoO0OoO0Oo Redis is starting oO0OoO0OoO0Oo
13911:C 05 Aug 2023 14:06:51.258 # Redis version=6.2.3, bits=64, commit=00000000, modified=0, pid=13911, just started
13911:C 05 Aug 2023 14:06:51.258 # Configuration loaded
13911:M 05 Aug 2023 14:06:51.259 * Increased maximum number of open files to 10032 (it was originally set to 1024).
13911:M 05 Aug 2023 14:06:51.259 * monotonic clock: POSIX clock_gettime
13911:M 05 Aug 2023 14:06:51.261 * Running mode=standalone, port=6379.
13911:M 05 Aug 2023 14:06:51.261 # WARNING: The TCP backlog setting of 511 cannot be enforced because /proc/sys/net/core/somaxconn is set to the lower value of 128.
13911:M 05 Aug 2023 14:06:51.261 # Server initialized
13911:M 05 Aug 2023 14:06:51.261 # WARNING overcommit_memory is set to 0! Background save may fail under low memory condition. To fix this issue add 'vm.overcommit_memory = 1' to /etc/sysctl.conf and then reboot or run the command 'sysctl vm.overcommit_memory=1' for this to take effect.
13911:M 05 Aug 2023 14:06:51.262 * Loading RDB produced by version 6.2.3
13911:M 05 Aug 2023 14:06:51.262 * RDB age 1151537 seconds
13911:M 05 Aug 2023 14:06:51.262 * RDB memory usage when created 0.77 Mb
13911:M 05 Aug 2023 14:06:51.262 * DB loaded from disk: 0.000 seconds
13911:M 05 Aug 2023 14:06:51.262 * Ready to accept connections
17705:C 06 Aug 2023 13:50:01.625 # oO0OoO0OoO0Oo Redis is starting oO0OoO0OoO0Oo
17705:C 06 Aug 2023 13:50:01.625 # Redis version=6.2.3, bits=64, commit=00000000, modified=0, pid=17705, just started
17705:C 06 Aug 2023 13:50:01.625 # Configuration loaded
17705:M 06 Aug 2023 13:50:01.625 * Increased maximum number of open files to 10032 (it was originally set to 1024).
17705:M 06 Aug 2023 13:50:01.625 * monotonic clock: POSIX clock_gettime
17705:M 06 Aug 2023 13:50:01.626 * Running mode=standalone, port=6379.
17705:M 06 Aug 2023 13:50:01.626 # WARNING: The TCP backlog setting of 511 cannot be enforced because /proc/sys/net/core/somaxconn is set to the lower value of 128.
17705:M 06 Aug 2023 13:50:01.626 # Server initialized
17705:M 06 Aug 2023 13:50:01.626 # WARNING overcommit_memory is set to 0! Background save may fail under low memory condition. To fix this issue add 'vm.overcommit_memory = 1' to /etc/sysctl.conf and then reboot or run the command 'sysctl vm.overcommit_memory=1' for this to take effect.
17705:M 06 Aug 2023 13:50:01.626 * Loading RDB produced by version 6.2.3
17705:M 06 Aug 2023 13:50:01.626 * RDB age 1236927 seconds
17705:M 06 Aug 2023 13:50:01.626 * RDB memory usage when created 0.77 Mb
17705:M 06 Aug 2023 13:50:01.627 * DB loaded from disk: 0.000 seconds
17705:M 06 Aug 2023 13:50:01.627 * Ready to accept connections
17705:M 06 Aug 2023 14:50:02.042 * 1 changes in 3600 seconds. Saving...
17705:M 06 Aug 2023 14:50:02.042 * Background saving started by pid 17937
17937:C 06 Aug 2023 14:50:02.044 * DB saved on disk
17937:C 06 Aug 2023 14:50:02.044 * RDB: 0 MB of memory used by copy-on-write
17705:M 06 Aug 2023 14:50:02.143 * Background saving terminated with success
17705:M 07 Aug 2023 23:22:27.993 * 1 changes in 3600 seconds. Saving...
17705:M 07 Aug 2023 23:22:27.993 * Background saving started by pid 19190
19190:C 07 Aug 2023 23:22:27.996 * DB saved on disk
19190:C 07 Aug 2023 23:22:27.996 * RDB: 0 MB of memory used by copy-on-write
17705:M 07 Aug 2023 23:22:28.094 * Background saving terminated with success
17705:M 08 Aug 2023 00:22:29.013 * 1 changes in 3600 seconds. Saving...
17705:M 08 Aug 2023 00:22:29.014 * Background saving started by pid 20028
20028:C 08 Aug 2023 00:22:29.015 * DB saved on disk
20028:C 08 Aug 2023 00:22:29.015 * RDB: 0 MB of memory used by copy-on-write
17705:M 08 Aug 2023 00:22:29.114 * Background saving terminated with success
17705:M 08 Aug 2023 01:43:31.844 * 1 changes in 3600 seconds. Saving...
17705:M 08 Aug 2023 01:43:31.844 * Background saving started by pid 20274
20274:C 08 Aug 2023 01:43:31.847 * DB saved on disk
20274:C 08 Aug 2023 01:43:31.847 * RDB: 0 MB of memory used by copy-on-write
17705:M 08 Aug 2023 01:43:31.945 * Background saving terminated with success
17705:M 08 Aug 2023 02:43:32.057 * 1 changes in 3600 seconds. Saving...
17705:M 08 Aug 2023 02:43:32.058 * Background saving started by pid 20462
20462:C 08 Aug 2023 02:43:32.059 * DB saved on disk
20462:C 08 Aug 2023 02:43:32.060 * RDB: 0 MB of memory used by copy-on-write
17705:M 08 Aug 2023 02:43:32.158 * Background saving terminated with success
