[2023-08-08 01:43:31]--[src_cgi/login_cgi.c:287]--buf = {
    "pwd": "96e79218965eb72c92a549dd5a330112",
    "user": "zzzzz"
}

[2023-08-08 01:43:31]--[src_cgi/login_cgi.c:293]--username = zzzzz, pwd = 96e79218965eb72c92a549dd5a330112
[2023-08-08 01:43:31]--[src_cgi/login_cgi.c:100]--mysql_user = root, mysql_pwd = 1, mysql_db = 0voice_cloud_disk
[2023-08-08 01:43:31]--[src_cgi/login_cgi.c:160]--redis:[ip=127.0.0.1,port=6379]
[2023-08-08 01:43:31]--[src_cgi/login_cgi.c:184]--tmp = zzzzz56885648477
[2023-08-08 01:43:31]--[src_cgi/login_cgi.c:200]--base64 = NUlHGXylRlLrKT8So2pply0ZxLNK7pNJ
[2023-08-08 01:43:31]--[src_cgi/login_cgi.c:302]--token = 531ecc7a3105ec0beff24765f4bf2539
[2023-08-08 01:43:46]--[src_cgi/login_cgi.c:287]--buf = {
    "pwd": "e10adc3949ba59abbe56e057f20f883e",
    "user": "zzzz"
}

[2023-08-08 01:43:46]--[src_cgi/login_cgi.c:293]--username = zzzz, pwd = e10adc3949ba59abbe56e057f20f883e
[2023-08-08 01:43:46]--[src_cgi/login_cgi.c:100]--mysql_user = root, mysql_pwd = 1, mysql_db = 0voice_cloud_disk
[2023-08-08 01:43:50]--[src_cgi/login_cgi.c:287]--buf = {
    "pwd": "96e79218965eb72c92a549dd5a330112",
    "user": "zzzz"
}

[2023-08-08 01:43:50]--[src_cgi/login_cgi.c:293]--username = zzzz, pwd = 96e79218965eb72c92a549dd5a330112
[2023-08-08 01:43:50]--[src_cgi/login_cgi.c:100]--mysql_user = root, mysql_pwd = 1, mysql_db = 0voice_cloud_disk
[2023-08-08 01:43:50]--[src_cgi/login_cgi.c:160]--redis:[ip=127.0.0.1,port=6379]
[2023-08-08 01:43:50]--[src_cgi/login_cgi.c:184]--tmp = zzzz698371906932
[2023-08-08 01:43:50]--[src_cgi/login_cgi.c:200]--base64 = SJi/6wRUxeh57620GABJry0ZxLNK7pNJ
[2023-08-08 01:43:50]--[src_cgi/login_cgi.c:302]--token = e97c0305ae3dcb5b7583156183034ba4
[2023-08-08 01:48:05]--[src_cgi/login_cgi.c:287]--buf = {
    "pwd": "96e79218965eb72c92a549dd5a330112",
    "user": "zzzzz"
}

[2023-08-08 01:48:05]--[src_cgi/login_cgi.c:293]--username = zzzzz, pwd = 96e79218965eb72c92a549dd5a330112
[2023-08-08 01:48:05]--[src_cgi/login_cgi.c:100]--mysql_user = root, mysql_pwd = 1, mysql_db = 0voice_cloud_disk
[2023-08-08 01:48:05]--[src_cgi/login_cgi.c:160]--redis:[ip=127.0.0.1,port=6379]
[2023-08-08 01:48:05]--[src_cgi/login_cgi.c:184]--tmp = zzzzz294534843508
[2023-08-08 01:48:05]--[src_cgi/login_cgi.c:200]--base64 = 9mVfrNAQTNuhsLZ/b7GlBlSLR+LwC1FL
[2023-08-08 01:48:05]--[src_cgi/login_cgi.c:302]--token = cb319fa3e35a889ace86f48f3c997921
