[2023-08-07 23:39:04]--[src_cgi/md5_cgi.c:337]--buf = {
    "fileName": "D3Dcompiler_47.dll",
    "md5": "c5b362bce86bb0ad3149c4540201331d",
    "token": "06be83c3b00a3d844e1b59742bd7406f",
    "user": "zzzzz"
}

[2023-08-07 23:39:04]--[src_cgi/md5_cgi.c:359]--user = zzzzz, token = 06be83c3b00a3d844e1b59742bd7406f, md5 = c5b362bce86bb0ad3149c4540201331d, filename = D3Dcompiler_47.dll
[2023-08-07 23:40:06]--[src_cgi/md5_cgi.c:337]--buf = {
    "fileName": "libatomic-1.dll",
    "md5": "55edc58e09e9f90648aa8d18f2d60abf",
    "token": "a90b92122ae7122c6ab46288e0c7b57e",
    "user": "zzzzz"
}

[2023-08-07 23:40:06]--[src_cgi/md5_cgi.c:359]--user = zzzzz, token = a90b92122ae7122c6ab46288e0c7b57e, md5 = 55edc58e09e9f90648aa8d18f2d60abf, filename = libatomic-1.dll
[2023-08-07 23:40:07]--[src_cgi/md5_cgi.c:337]--buf = {
    "fileName": "libEGL.dll",
    "md5": "1fb0adce94e37f640374b5e60fd278fb",
    "token": "a90b92122ae7122c6ab46288e0c7b57e",
    "user": "zzzzz"
}

[2023-08-07 23:40:07]--[src_cgi/md5_cgi.c:359]--user = zzzzz, token = a90b92122ae7122c6ab46288e0c7b57e, md5 = 1fb0adce94e37f640374b5e60fd278fb, filename = libEGL.dll
[2023-08-07 23:40:08]--[src_cgi/md5_cgi.c:337]--buf = {
    "fileName": "libgomp-1.dll",
    "md5": "4b3b316509b9350ea0b8708d546546a1",
    "token": "a90b92122ae7122c6ab46288e0c7b57e",
    "user": "zzzzz"
}

[2023-08-07 23:40:08]--[src_cgi/md5_cgi.c:359]--user = zzzzz, token = a90b92122ae7122c6ab46288e0c7b57e, md5 = 4b3b316509b9350ea0b8708d546546a1, filename = libgomp-1.dll
[2023-08-07 23:40:08]--[src_cgi/md5_cgi.c:337]--buf = {
    "fileName": "libgomp-plugin-host_nonshm-1.dll",
    "md5": "9b114303c6d21fe37bc986bda93657cc",
    "token": "a90b92122ae7122c6ab46288e0c7b57e",
    "user": "zzzzz"
}

[2023-08-07 23:40:08]--[src_cgi/md5_cgi.c:359]--user = zzzzz, token = a90b92122ae7122c6ab46288e0c7b57e, md5 = 9b114303c6d21fe37bc986bda93657cc, filename = libgomp-plugin-host_nonshm-1.dll
