[2023-08-07 23:22:28]--[src_cgi/myfiles_cgi.c:504]--cmd = count
[2023-08-07 23:22:28]--[src_cgi/myfiles_cgi.c:536]--buf = {
    "token": "06be83c3b00a3d844e1b59742bd7406f",
    "user": "zzzzz"
}

[2023-08-07 23:22:28]--[src_cgi/myfiles_cgi.c:163]--select count from user_file_count where user='zzzzz' 操作失败
[2023-08-07 23:22:28]--[src_cgi/myfiles_cgi.c:175]--line = 0
[2023-08-07 23:23:31]--[src_cgi/myfiles_cgi.c:504]--cmd = count
[2023-08-07 23:23:31]--[src_cgi/myfiles_cgi.c:536]--buf = {
    "token": "06be83c3b00a3d844e1b59742bd7406f",
    "user": "zzzzz"
}

[2023-08-07 23:23:31]--[src_cgi/myfiles_cgi.c:163]--select count from user_file_count where user='zzzzz' 操作失败
[2023-08-07 23:23:31]--[src_cgi/myfiles_cgi.c:175]--line = 0
[2023-08-07 23:23:50]--[src_cgi/myfiles_cgi.c:504]--cmd = count
[2023-08-07 23:23:50]--[src_cgi/myfiles_cgi.c:536]--buf = {
    "token": "06be83c3b00a3d844e1b59742bd7406f",
    "user": "zzzzz"
}

[2023-08-07 23:23:50]--[src_cgi/myfiles_cgi.c:175]--line = 1
[2023-08-07 23:23:50]--[src_cgi/myfiles_cgi.c:504]--cmd = normal
[2023-08-07 23:23:50]--[src_cgi/myfiles_cgi.c:536]--buf = {
    "count": 1,
    "start": 0,
    "token": "06be83c3b00a3d844e1b59742bd7406f",
    "user": "zzzzz"
}

[2023-08-07 23:23:50]--[src_cgi/myfiles_cgi.c:556]--user = zzzzz, token = 06be83c3b00a3d844e1b59742bd7406f, start = 0, count = 1
[2023-08-07 23:23:50]--[src_cgi/myfiles_cgi.c:305]--select user_file_list.*, file_info.url, file_info.size, file_info.type from file_info, user_file_list where user = 'zzzzz' and file_info.md5 = user_file_list.md5 limit 0, 1 在操作
[2023-08-07 23:23:50]--[src_cgi/myfiles_cgi.c:436]--{
	"files":	[{
			"user":	"zzzzz",
			"md5":	"06def72f256697b6533eedb5c425f4ab",
			"create_time":	"2023-08-07 23:23:49",
			"file_name":	"0000.txt",
			"share_status":	0,
			"pv":	0,
			"url":	"http://192.168.107.138:80/group1/M00/00/00/wKhrimSazTyARBn6AAAAPkrFpFQ798.txt",
			"size":	62,
			"type":	"txt"
		}]
}
[2023-08-07 23:38:53]--[src_cgi/myfiles_cgi.c:504]--cmd = count
[2023-08-07 23:38:53]--[src_cgi/myfiles_cgi.c:536]--buf = {
    "token": "06be83c3b00a3d844e1b59742bd7406f",
    "user": "zzzzz"
}

[2023-08-07 23:38:53]--[src_cgi/myfiles_cgi.c:175]--line = 1
[2023-08-07 23:38:53]--[src_cgi/myfiles_cgi.c:504]--cmd = normal
[2023-08-07 23:38:53]--[src_cgi/myfiles_cgi.c:536]--buf = {
    "count": 1,
    "start": 0,
    "token": "06be83c3b00a3d844e1b59742bd7406f",
    "user": "zzzzz"
}

[2023-08-07 23:38:53]--[src_cgi/myfiles_cgi.c:556]--user = zzzzz, token = 06be83c3b00a3d844e1b59742bd7406f, start = 0, count = 1
[2023-08-07 23:38:53]--[src_cgi/myfiles_cgi.c:305]--select user_file_list.*, file_info.url, file_info.size, file_info.type from file_info, user_file_list where user = 'zzzzz' and file_info.md5 = user_file_list.md5 limit 0, 1 在操作
[2023-08-07 23:38:53]--[src_cgi/myfiles_cgi.c:436]--{
	"files":	[{
			"user":	"zzzzz",
			"md5":	"06def72f256697b6533eedb5c425f4ab",
			"create_time":	"2023-08-07 23:23:49",
			"file_name":	"0000.txt",
			"share_status":	0,
			"pv":	0,
			"url":	"http://192.168.107.138:80/group1/M00/00/00/wKhrimSazTyARBn6AAAAPkrFpFQ798.txt",
			"size":	62,
			"type":	"txt"
		}]
}
[2023-08-07 23:39:08]--[src_cgi/myfiles_cgi.c:504]--cmd = count
[2023-08-07 23:39:08]--[src_cgi/myfiles_cgi.c:536]--buf = {
    "token": "06be83c3b00a3d844e1b59742bd7406f",
    "user": "zzzzz"
}

[2023-08-07 23:39:08]--[src_cgi/myfiles_cgi.c:175]--line = 1
[2023-08-07 23:39:08]--[src_cgi/myfiles_cgi.c:504]--cmd = normal
[2023-08-07 23:39:08]--[src_cgi/myfiles_cgi.c:536]--buf = {
    "count": 1,
    "start": 0,
    "token": "06be83c3b00a3d844e1b59742bd7406f",
    "user": "zzzzz"
}

[2023-08-07 23:39:08]--[src_cgi/myfiles_cgi.c:556]--user = zzzzz, token = 06be83c3b00a3d844e1b59742bd7406f, start = 0, count = 1
[2023-08-07 23:39:08]--[src_cgi/myfiles_cgi.c:305]--select user_file_list.*, file_info.url, file_info.size, file_info.type from file_info, user_file_list where user = 'zzzzz' and file_info.md5 = user_file_list.md5 limit 0, 1 在操作
[2023-08-07 23:39:08]--[src_cgi/myfiles_cgi.c:436]--{
	"files":	[{
			"user":	"zzzzz",
			"md5":	"06def72f256697b6533eedb5c425f4ab",
			"create_time":	"2023-08-07 23:23:49",
			"file_name":	"0000.txt",
			"share_status":	0,
			"pv":	0,
			"url":	"http://192.168.107.138:80/group1/M00/00/00/wKhrimSazTyARBn6AAAAPkrFpFQ798.txt",
			"size":	62,
			"type":	"txt"
		}]
}
[2023-08-07 23:39:17]--[src_cgi/myfiles_cgi.c:504]--cmd = count
[2023-08-07 23:39:17]--[src_cgi/myfiles_cgi.c:536]--buf = {
    "token": "06be83c3b00a3d844e1b59742bd7406f",
    "user": "zzzzz"
}

[2023-08-07 23:39:17]--[src_cgi/myfiles_cgi.c:175]--line = 1
[2023-08-07 23:39:17]--[src_cgi/myfiles_cgi.c:504]--cmd = normal
[2023-08-07 23:39:17]--[src_cgi/myfiles_cgi.c:536]--buf = {
    "count": 1,
    "start": 0,
    "token": "06be83c3b00a3d844e1b59742bd7406f",
    "user": "zzzzz"
}

[2023-08-07 23:39:17]--[src_cgi/myfiles_cgi.c:556]--user = zzzzz, token = 06be83c3b00a3d844e1b59742bd7406f, start = 0, count = 1
[2023-08-07 23:39:17]--[src_cgi/myfiles_cgi.c:305]--select user_file_list.*, file_info.url, file_info.size, file_info.type from file_info, user_file_list where user = 'zzzzz' and file_info.md5 = user_file_list.md5 limit 0, 1 在操作
[2023-08-07 23:39:17]--[src_cgi/myfiles_cgi.c:436]--{
	"files":	[{
			"user":	"zzzzz",
			"md5":	"06def72f256697b6533eedb5c425f4ab",
			"create_time":	"2023-08-07 23:23:49",
			"file_name":	"0000.txt",
			"share_status":	0,
			"pv":	0,
			"url":	"http://192.168.107.138:80/group1/M00/00/00/wKhrimSazTyARBn6AAAAPkrFpFQ798.txt",
			"size":	62,
			"type":	"txt"
		}]
}
[2023-08-07 23:39:19]--[src_cgi/myfiles_cgi.c:504]--cmd = count
[2023-08-07 23:39:19]--[src_cgi/myfiles_cgi.c:536]--buf = {
    "token": "06be83c3b00a3d844e1b59742bd7406f",
    "user": "zzzzz"
}

[2023-08-07 23:39:19]--[src_cgi/myfiles_cgi.c:175]--line = 1
[2023-08-07 23:39:19]--[src_cgi/myfiles_cgi.c:504]--cmd = normal
[2023-08-07 23:39:19]--[src_cgi/myfiles_cgi.c:536]--buf = {
    "count": 1,
    "start": 0,
    "token": "06be83c3b00a3d844e1b59742bd7406f",
    "user": "zzzzz"
}

[2023-08-07 23:39:19]--[src_cgi/myfiles_cgi.c:556]--user = zzzzz, token = 06be83c3b00a3d844e1b59742bd7406f, start = 0, count = 1
[2023-08-07 23:39:19]--[src_cgi/myfiles_cgi.c:305]--select user_file_list.*, file_info.url, file_info.size, file_info.type from file_info, user_file_list where user = 'zzzzz' and file_info.md5 = user_file_list.md5 limit 0, 1 在操作
[2023-08-07 23:39:19]--[src_cgi/myfiles_cgi.c:436]--{
	"files":	[{
			"user":	"zzzzz",
			"md5":	"06def72f256697b6533eedb5c425f4ab",
			"create_time":	"2023-08-07 23:23:49",
			"file_name":	"0000.txt",
			"share_status":	0,
			"pv":	0,
			"url":	"http://192.168.107.138:80/group1/M00/00/00/wKhrimSazTyARBn6AAAAPkrFpFQ798.txt",
			"size":	62,
			"type":	"txt"
		}]
}
[2023-08-07 23:39:24]--[src_cgi/myfiles_cgi.c:504]--cmd = count
[2023-08-07 23:39:24]--[src_cgi/myfiles_cgi.c:536]--buf = {
    "token": "06be83c3b00a3d844e1b59742bd7406f",
    "user": "zzzzz"
}

[2023-08-07 23:39:24]--[src_cgi/myfiles_cgi.c:175]--line = 1
[2023-08-07 23:39:24]--[src_cgi/myfiles_cgi.c:504]--cmd = normal
[2023-08-07 23:39:24]--[src_cgi/myfiles_cgi.c:536]--buf = {
    "count": 1,
    "start": 0,
    "token": "06be83c3b00a3d844e1b59742bd7406f",
    "user": "zzzzz"
}

[2023-08-07 23:39:24]--[src_cgi/myfiles_cgi.c:556]--user = zzzzz, token = 06be83c3b00a3d844e1b59742bd7406f, start = 0, count = 1
[2023-08-07 23:39:24]--[src_cgi/myfiles_cgi.c:305]--select user_file_list.*, file_info.url, file_info.size, file_info.type from file_info, user_file_list where user = 'zzzzz' and file_info.md5 = user_file_list.md5 limit 0, 1 在操作
[2023-08-07 23:39:24]--[src_cgi/myfiles_cgi.c:436]--{
	"files":	[{
			"user":	"zzzzz",
			"md5":	"06def72f256697b6533eedb5c425f4ab",
			"create_time":	"2023-08-07 23:23:49",
			"file_name":	"0000.txt",
			"share_status":	0,
			"pv":	0,
			"url":	"http://192.168.107.138:80/group1/M00/00/00/wKhrimSazTyARBn6AAAAPkrFpFQ798.txt",
			"size":	62,
			"type":	"txt"
		}]
}
[2023-08-07 23:39:38]--[src_cgi/myfiles_cgi.c:504]--cmd = count
[2023-08-07 23:39:38]--[src_cgi/myfiles_cgi.c:536]--buf = {
    "token": "06be83c3b00a3d844e1b59742bd7406f",
    "user": "zzzzz"
}

[2023-08-07 23:39:38]--[src_cgi/myfiles_cgi.c:175]--line = 1
[2023-08-07 23:39:38]--[src_cgi/myfiles_cgi.c:504]--cmd = normal
[2023-08-07 23:39:38]--[src_cgi/myfiles_cgi.c:536]--buf = {
    "count": 1,
    "start": 0,
    "token": "06be83c3b00a3d844e1b59742bd7406f",
    "user": "zzzzz"
}

[2023-08-07 23:39:38]--[src_cgi/myfiles_cgi.c:556]--user = zzzzz, token = 06be83c3b00a3d844e1b59742bd7406f, start = 0, count = 1
[2023-08-07 23:39:38]--[src_cgi/myfiles_cgi.c:305]--select user_file_list.*, file_info.url, file_info.size, file_info.type from file_info, user_file_list where user = 'zzzzz' and file_info.md5 = user_file_list.md5 limit 0, 1 在操作
[2023-08-07 23:39:38]--[src_cgi/myfiles_cgi.c:436]--{
	"files":	[{
			"user":	"zzzzz",
			"md5":	"06def72f256697b6533eedb5c425f4ab",
			"create_time":	"2023-08-07 23:23:49",
			"file_name":	"0000.txt",
			"share_status":	0,
			"pv":	0,
			"url":	"http://192.168.107.138:80/group1/M00/00/00/wKhrimSazTyARBn6AAAAPkrFpFQ798.txt",
			"size":	62,
			"type":	"txt"
		}]
}
[2023-08-07 23:39:53]--[src_cgi/myfiles_cgi.c:504]--cmd = count
[2023-08-07 23:39:53]--[src_cgi/myfiles_cgi.c:536]--buf = {
    "token": "a90b92122ae7122c6ab46288e0c7b57e",
    "user": "zzzzz"
}

[2023-08-07 23:39:53]--[src_cgi/myfiles_cgi.c:175]--line = 1
[2023-08-07 23:39:53]--[src_cgi/myfiles_cgi.c:504]--cmd = normal
[2023-08-07 23:39:53]--[src_cgi/myfiles_cgi.c:536]--buf = {
    "count": 1,
    "start": 0,
    "token": "a90b92122ae7122c6ab46288e0c7b57e",
    "user": "zzzzz"
}

[2023-08-07 23:39:53]--[src_cgi/myfiles_cgi.c:556]--user = zzzzz, token = a90b92122ae7122c6ab46288e0c7b57e, start = 0, count = 1
[2023-08-07 23:39:53]--[src_cgi/myfiles_cgi.c:305]--select user_file_list.*, file_info.url, file_info.size, file_info.type from file_info, user_file_list where user = 'zzzzz' and file_info.md5 = user_file_list.md5 limit 0, 1 在操作
[2023-08-07 23:39:53]--[src_cgi/myfiles_cgi.c:436]--{
	"files":	[{
			"user":	"zzzzz",
			"md5":	"06def72f256697b6533eedb5c425f4ab",
			"create_time":	"2023-08-07 23:23:49",
			"file_name":	"0000.txt",
			"share_status":	0,
			"pv":	0,
			"url":	"http://192.168.107.138:80/group1/M00/00/00/wKhrimSazTyARBn6AAAAPkrFpFQ798.txt",
			"size":	62,
			"type":	"txt"
		}]
}
[2023-08-07 23:39:56]--[src_cgi/myfiles_cgi.c:504]--cmd = count
[2023-08-07 23:39:56]--[src_cgi/myfiles_cgi.c:536]--buf = {
    "token": "a90b92122ae7122c6ab46288e0c7b57e",
    "user": "zzzzz"
}

[2023-08-07 23:39:56]--[src_cgi/myfiles_cgi.c:175]--line = 1
[2023-08-07 23:39:56]--[src_cgi/myfiles_cgi.c:504]--cmd = normal
[2023-08-07 23:39:56]--[src_cgi/myfiles_cgi.c:536]--buf = {
    "count": 1,
    "start": 0,
    "token": "a90b92122ae7122c6ab46288e0c7b57e",
    "user": "zzzzz"
}

[2023-08-07 23:39:56]--[src_cgi/myfiles_cgi.c:556]--user = zzzzz, token = a90b92122ae7122c6ab46288e0c7b57e, start = 0, count = 1
[2023-08-07 23:39:56]--[src_cgi/myfiles_cgi.c:305]--select user_file_list.*, file_info.url, file_info.size, file_info.type from file_info, user_file_list where user = 'zzzzz' and file_info.md5 = user_file_list.md5 limit 0, 1 在操作
[2023-08-07 23:39:56]--[src_cgi/myfiles_cgi.c:436]--{
	"files":	[{
			"user":	"zzzzz",
			"md5":	"06def72f256697b6533eedb5c425f4ab",
			"create_time":	"2023-08-07 23:23:49",
			"file_name":	"0000.txt",
			"share_status":	0,
			"pv":	0,
			"url":	"http://192.168.107.138:80/group1/M00/00/00/wKhrimSazTyARBn6AAAAPkrFpFQ798.txt",
			"size":	62,
			"type":	"txt"
		}]
}
[2023-08-07 23:39:58]--[src_cgi/myfiles_cgi.c:504]--cmd = count
[2023-08-07 23:39:58]--[src_cgi/myfiles_cgi.c:536]--buf = {
    "token": "a90b92122ae7122c6ab46288e0c7b57e",
    "user": "zzzzz"
}

[2023-08-07 23:39:58]--[src_cgi/myfiles_cgi.c:175]--line = 1
[2023-08-07 23:39:58]--[src_cgi/myfiles_cgi.c:504]--cmd = normal
[2023-08-07 23:39:58]--[src_cgi/myfiles_cgi.c:536]--buf = {
    "count": 1,
    "start": 0,
    "token": "a90b92122ae7122c6ab46288e0c7b57e",
    "user": "zzzzz"
}

[2023-08-07 23:39:58]--[src_cgi/myfiles_cgi.c:556]--user = zzzzz, token = a90b92122ae7122c6ab46288e0c7b57e, start = 0, count = 1
[2023-08-07 23:39:58]--[src_cgi/myfiles_cgi.c:305]--select user_file_list.*, file_info.url, file_info.size, file_info.type from file_info, user_file_list where user = 'zzzzz' and file_info.md5 = user_file_list.md5 limit 0, 1 在操作
[2023-08-07 23:39:58]--[src_cgi/myfiles_cgi.c:436]--{
	"files":	[{
			"user":	"zzzzz",
			"md5":	"06def72f256697b6533eedb5c425f4ab",
			"create_time":	"2023-08-07 23:23:49",
			"file_name":	"0000.txt",
			"share_status":	0,
			"pv":	0,
			"url":	"http://192.168.107.138:80/group1/M00/00/00/wKhrimSazTyARBn6AAAAPkrFpFQ798.txt",
			"size":	62,
			"type":	"txt"
		}]
}
[2023-08-07 23:40:08]--[src_cgi/myfiles_cgi.c:504]--cmd = count
[2023-08-07 23:40:08]--[src_cgi/myfiles_cgi.c:536]--buf = {
    "token": "a90b92122ae7122c6ab46288e0c7b57e",
    "user": "zzzzz"
}

[2023-08-07 23:40:08]--[src_cgi/myfiles_cgi.c:175]--line = 5
[2023-08-07 23:40:08]--[src_cgi/myfiles_cgi.c:504]--cmd = normal
[2023-08-07 23:40:08]--[src_cgi/myfiles_cgi.c:536]--buf = {
    "count": 5,
    "start": 0,
    "token": "a90b92122ae7122c6ab46288e0c7b57e",
    "user": "zzzzz"
}

[2023-08-07 23:40:08]--[src_cgi/myfiles_cgi.c:556]--user = zzzzz, token = a90b92122ae7122c6ab46288e0c7b57e, start = 0, count = 5
[2023-08-07 23:40:08]--[src_cgi/myfiles_cgi.c:305]--select user_file_list.*, file_info.url, file_info.size, file_info.type from file_info, user_file_list where user = 'zzzzz' and file_info.md5 = user_file_list.md5 limit 0, 5 在操作
[2023-08-07 23:40:08]--[src_cgi/myfiles_cgi.c:436]--{
	"files":	[{
			"user":	"zzzzz",
			"md5":	"06def72f256697b6533eedb5c425f4ab",
			"create_time":	"2023-08-07 23:23:49",
			"file_name":	"0000.txt",
			"share_status":	0,
			"pv":	0,
			"url":	"http://192.168.107.138:80/group1/M00/00/00/wKhrimSazTyARBn6AAAAPkrFpFQ798.txt",
			"size":	62,
			"type":	"txt"
		}, {
			"user":	"zzzzz",
			"md5":	"55edc58e09e9f90648aa8d18f2d60abf",
			"create_time":	"2023-08-07 23:40:07",
			"file_name":	"libatomic-1.dll",
			"share_status":	0,
			"pv":	0,
			"url":	"http://192.168.107.140:80/group1/M00/00/00/wKhrjGTREFeAIk2dAACQDs4QnCc883.dll",
			"size":	36878,
			"type":	"dll"
		}, {
			"user":	"zzzzz",
			"md5":	"1fb0adce94e37f640374b5e60fd278fb",
			"create_time":	"2023-08-07 23:40:07",
			"file_name":	"libEGL.dll",
			"share_status":	0,
			"pv":	0,
			"url":	"http://192.168.107.140:80/group1/M00/00/00/wKhrjGTREFeAEjV1AABWAECHuJs133.dll",
			"size":	22016,
			"type":	"dll"
		}, {
			"user":	"zzzzz",
			"md5":	"4b3b316509b9350ea0b8708d546546a1",
			"create_time":	"2023-08-07 23:40:08",
			"file_name":	"libgomp-1.dll",
			"share_status":	0,
			"pv":	0,
			"url":	"http://192.168.107.140:80/group1/M00/00/00/wKhrjGTREFiAIBWFAAHcDqSwzis570.dll",
			"size":	121870,
			"type":	"dll"
		}, {
			"user":	"zzzzz",
			"md5":	"9b114303c6d21fe37bc986bda93657cc",
			"create_time":	"2023-08-07 23:40:08",
			"file_name":	"libgomp-plugin-host_nonshm-1.dll",
			"share_status":	0,
			"pv":	0,
			"url":	"http://192.168.107.140:80/group1/M00/00/00/wKhrjGTREFiAKj6aAABEDucAlNU160.dll",
			"size":	17422,
			"type":	"dll"
		}]
}
[2023-08-07 23:40:10]--[src_cgi/myfiles_cgi.c:504]--cmd = count
[2023-08-07 23:40:10]--[src_cgi/myfiles_cgi.c:536]--buf = {
    "token": "a90b92122ae7122c6ab46288e0c7b57e",
    "user": "zzzzz"
}

[2023-08-07 23:40:10]--[src_cgi/myfiles_cgi.c:175]--line = 5
[2023-08-07 23:40:10]--[src_cgi/myfiles_cgi.c:504]--cmd = normal
[2023-08-07 23:40:10]--[src_cgi/myfiles_cgi.c:536]--buf = {
    "count": 5,
    "start": 0,
    "token": "a90b92122ae7122c6ab46288e0c7b57e",
    "user": "zzzzz"
}

[2023-08-07 23:40:10]--[src_cgi/myfiles_cgi.c:556]--user = zzzzz, token = a90b92122ae7122c6ab46288e0c7b57e, start = 0, count = 5
[2023-08-07 23:40:10]--[src_cgi/myfiles_cgi.c:305]--select user_file_list.*, file_info.url, file_info.size, file_info.type from file_info, user_file_list where user = 'zzzzz' and file_info.md5 = user_file_list.md5 limit 0, 5 在操作
[2023-08-07 23:40:10]--[src_cgi/myfiles_cgi.c:436]--{
	"files":	[{
			"user":	"zzzzz",
			"md5":	"06def72f256697b6533eedb5c425f4ab",
			"create_time":	"2023-08-07 23:23:49",
			"file_name":	"0000.txt",
			"share_status":	0,
			"pv":	0,
			"url":	"http://192.168.107.138:80/group1/M00/00/00/wKhrimSazTyARBn6AAAAPkrFpFQ798.txt",
			"size":	62,
			"type":	"txt"
		}, {
			"user":	"zzzzz",
			"md5":	"55edc58e09e9f90648aa8d18f2d60abf",
			"create_time":	"2023-08-07 23:40:07",
			"file_name":	"libatomic-1.dll",
			"share_status":	0,
			"pv":	0,
			"url":	"http://192.168.107.140:80/group1/M00/00/00/wKhrjGTREFeAIk2dAACQDs4QnCc883.dll",
			"size":	36878,
			"type":	"dll"
		}, {
			"user":	"zzzzz",
			"md5":	"1fb0adce94e37f640374b5e60fd278fb",
			"create_time":	"2023-08-07 23:40:07",
			"file_name":	"libEGL.dll",
			"share_status":	0,
			"pv":	0,
			"url":	"http://192.168.107.140:80/group1/M00/00/00/wKhrjGTREFeAEjV1AABWAECHuJs133.dll",
			"size":	22016,
			"type":	"dll"
		}, {
			"user":	"zzzzz",
			"md5":	"4b3b316509b9350ea0b8708d546546a1",
			"create_time":	"2023-08-07 23:40:08",
			"file_name":	"libgomp-1.dll",
			"share_status":	0,
			"pv":	0,
			"url":	"http://192.168.107.140:80/group1/M00/00/00/wKhrjGTREFiAIBWFAAHcDqSwzis570.dll",
			"size":	121870,
			"type":	"dll"
		}, {
			"user":	"zzzzz",
			"md5":	"9b114303c6d21fe37bc986bda93657cc",
			"create_time":	"2023-08-07 23:40:08",
			"file_name":	"libgomp-plugin-host_nonshm-1.dll",
			"share_status":	0,
			"pv":	0,
			"url":	"http://192.168.107.140:80/group1/M00/00/00/wKhrjGTREFiAKj6aAABEDucAlNU160.dll",
			"size":	17422,
			"type":	"dll"
		}]
}
[2023-08-07 23:42:56]--[src_cgi/myfiles_cgi.c:504]--cmd = count
[2023-08-07 23:42:56]--[src_cgi/myfiles_cgi.c:536]--buf = {
    "token": "a90b92122ae7122c6ab46288e0c7b57e",
    "user": "zzzzz"
}

[2023-08-07 23:42:56]--[src_cgi/myfiles_cgi.c:175]--line = 5
[2023-08-07 23:42:56]--[src_cgi/myfiles_cgi.c:504]--cmd = pvasc
[2023-08-07 23:42:56]--[src_cgi/myfiles_cgi.c:536]--buf = {
    "count": 5,
    "start": 0,
    "token": "a90b92122ae7122c6ab46288e0c7b57e",
    "user": "zzzzz"
}

[2023-08-07 23:42:56]--[src_cgi/myfiles_cgi.c:556]--user = zzzzz, token = a90b92122ae7122c6ab46288e0c7b57e, start = 0, count = 5
[2023-08-07 23:42:56]--[src_cgi/myfiles_cgi.c:305]--select user_file_list.*, file_info.url, file_info.size, file_info.type from file_info, user_file_list where user = 'zzzzz' and file_info.md5 = user_file_list.md5  order by pv asc limit 0, 5 在操作
[2023-08-07 23:42:56]--[src_cgi/myfiles_cgi.c:436]--{
	"files":	[{
			"user":	"zzzzz",
			"md5":	"9b114303c6d21fe37bc986bda93657cc",
			"create_time":	"2023-08-07 23:40:08",
			"file_name":	"libgomp-plugin-host_nonshm-1.dll",
			"share_status":	0,
			"pv":	0,
			"url":	"http://192.168.107.140:80/group1/M00/00/00/wKhrjGTREFiAKj6aAABEDucAlNU160.dll",
			"size":	17422,
			"type":	"dll"
		}, {
			"user":	"zzzzz",
			"md5":	"1fb0adce94e37f640374b5e60fd278fb",
			"create_time":	"2023-08-07 23:40:07",
			"file_name":	"libEGL.dll",
			"share_status":	0,
			"pv":	0,
			"url":	"http://192.168.107.140:80/group1/M00/00/00/wKhrjGTREFeAEjV1AABWAECHuJs133.dll",
			"size":	22016,
			"type":	"dll"
		}, {
			"user":	"zzzzz",
			"md5":	"06def72f256697b6533eedb5c425f4ab",
			"create_time":	"2023-08-07 23:23:49",
			"file_name":	"0000.txt",
			"share_status":	0,
			"pv":	0,
			"url":	"http://192.168.107.138:80/group1/M00/00/00/wKhrimSazTyARBn6AAAAPkrFpFQ798.txt",
			"size":	62,
			"type":	"txt"
		}, {
			"user":	"zzzzz",
			"md5":	"4b3b316509b9350ea0b8708d546546a1",
			"create_time":	"2023-08-07 23:40:08",
			"file_name":	"libgomp-1.dll",
			"share_status":	0,
			"pv":	0,
			"url":	"http://192.168.107.140:80/group1/M00/00/00/wKhrjGTREFiAIBWFAAHcDqSwzis570.dll",
			"size":	121870,
			"type":	"dll"
		}, {
			"user":	"zzzzz",
			"md5":	"55edc58e09e9f90648aa8d18f2d60abf",
			"create_time":	"2023-08-07 23:40:07",
			"file_name":	"libatomic-1.dll",
			"share_status":	0,
			"pv":	0,
			"url":	"http://192.168.107.140:80/group1/M00/00/00/wKhrjGTREFeAIk2dAACQDs4QnCc883.dll",
			"size":	36878,
			"type":	"dll"
		}]
}
[2023-08-07 23:42:58]--[src_cgi/myfiles_cgi.c:504]--cmd = count
[2023-08-07 23:42:58]--[src_cgi/myfiles_cgi.c:536]--buf = {
    "token": "a90b92122ae7122c6ab46288e0c7b57e",
    "user": "zzzzz"
}

[2023-08-07 23:42:58]--[src_cgi/myfiles_cgi.c:175]--line = 5
[2023-08-07 23:42:58]--[src_cgi/myfiles_cgi.c:504]--cmd = pvdesc
[2023-08-07 23:42:58]--[src_cgi/myfiles_cgi.c:536]--buf = {
    "count": 5,
    "start": 0,
    "token": "a90b92122ae7122c6ab46288e0c7b57e",
    "user": "zzzzz"
}

[2023-08-07 23:42:58]--[src_cgi/myfiles_cgi.c:556]--user = zzzzz, token = a90b92122ae7122c6ab46288e0c7b57e, start = 0, count = 5
[2023-08-07 23:42:58]--[src_cgi/myfiles_cgi.c:305]--select user_file_list.*, file_info.url, file_info.size, file_info.type from file_info, user_file_list where user = 'zzzzz' and file_info.md5 = user_file_list.md5 order by pv desc limit 0, 5 在操作
[2023-08-07 23:42:58]--[src_cgi/myfiles_cgi.c:436]--{
	"files":	[{
			"user":	"zzzzz",
			"md5":	"1fb0adce94e37f640374b5e60fd278fb",
			"create_time":	"2023-08-07 23:40:07",
			"file_name":	"libEGL.dll",
			"share_status":	0,
			"pv":	0,
			"url":	"http://192.168.107.140:80/group1/M00/00/00/wKhrjGTREFeAEjV1AABWAECHuJs133.dll",
			"size":	22016,
			"type":	"dll"
		}, {
			"user":	"zzzzz",
			"md5":	"06def72f256697b6533eedb5c425f4ab",
			"create_time":	"2023-08-07 23:23:49",
			"file_name":	"0000.txt",
			"share_status":	0,
			"pv":	0,
			"url":	"http://192.168.107.138:80/group1/M00/00/00/wKhrimSazTyARBn6AAAAPkrFpFQ798.txt",
			"size":	62,
			"type":	"txt"
		}, {
			"user":	"zzzzz",
			"md5":	"4b3b316509b9350ea0b8708d546546a1",
			"create_time":	"2023-08-07 23:40:08",
			"file_name":	"libgomp-1.dll",
			"share_status":	0,
			"pv":	0,
			"url":	"http://192.168.107.140:80/group1/M00/00/00/wKhrjGTREFiAIBWFAAHcDqSwzis570.dll",
			"size":	121870,
			"type":	"dll"
		}, {
			"user":	"zzzzz",
			"md5":	"55edc58e09e9f90648aa8d18f2d60abf",
			"create_time":	"2023-08-07 23:40:07",
			"file_name":	"libatomic-1.dll",
			"share_status":	0,
			"pv":	0,
			"url":	"http://192.168.107.140:80/group1/M00/00/00/wKhrjGTREFeAIk2dAACQDs4QnCc883.dll",
			"size":	36878,
			"type":	"dll"
		}, {
			"user":	"zzzzz",
			"md5":	"9b114303c6d21fe37bc986bda93657cc",
			"create_time":	"2023-08-07 23:40:08",
			"file_name":	"libgomp-plugin-host_nonshm-1.dll",
			"share_status":	0,
			"pv":	0,
			"url":	"http://192.168.107.140:80/group1/M00/00/00/wKhrjGTREFiAKj6aAABEDucAlNU160.dll",
			"size":	17422,
			"type":	"dll"
		}]
}
