[2023-07-23 02:33:05]--[src_cgi/login_cgi.c:287]--buf = {
    "pwd": "fcea920f7412b5da7be0cf42b8c93759",
    "user": "aaaaa"
}

[2023-07-23 02:33:05]--[src_cgi/login_cgi.c:293]--username = aaaaa, pwd = fcea920f7412b5da7be0cf42b8c93759
[2023-07-23 02:33:05]--[src_cgi/login_cgi.c:100]--mysql_user = root, mysql_pwd = 1, mysql_db = 0voice_cloud_disk
[2023-07-23 02:33:05]--[src_cgi/login_cgi.c:160]--redis:[ip=127.0.0.1,port=6379]
[2023-07-23 02:33:05]--[src_cgi/login_cgi.c:184]--tmp = aaaaa937658765916
[2023-07-23 02:33:05]--[src_cgi/login_cgi.c:200]--base64 = K192eYbmvcuv9wNcJgDbPewb1egIr+tu
[2023-07-23 02:33:05]--[src_cgi/login_cgi.c:302]--token = 716d3bc8bc73602cd278bc34cab59d1c
[2023-07-23 02:33:12]--[src_cgi/login_cgi.c:287]--buf = {
    "pwd": "fcea920f7412b5da7be0cf42b8c93759",
    "user": "aaaaa"
}

[2023-07-23 02:33:12]--[src_cgi/login_cgi.c:293]--username = aaaaa, pwd = fcea920f7412b5da7be0cf42b8c93759
[2023-07-23 02:33:12]--[src_cgi/login_cgi.c:100]--mysql_user = root, mysql_pwd = 1, mysql_db = 0voice_cloud_disk
[2023-07-23 02:33:12]--[src_cgi/login_cgi.c:160]--redis:[ip=127.0.0.1,port=6379]
[2023-07-23 02:33:12]--[src_cgi/login_cgi.c:184]--tmp = aaaaa823349647498
[2023-07-23 02:33:12]--[src_cgi/login_cgi.c:200]--base64 = FQmrEk5nAgC8BfTnpOSHUlSLR+LwC1FL
[2023-07-23 02:33:12]--[src_cgi/login_cgi.c:302]--token = 5947d0f2c52805f981bb2141a4cd133c
[2023-07-23 04:46:21]--[src_cgi/login_cgi.c:287]--buf = {
    "pwd": "fcea920f7412b5da7be0cf42b8c93759",
    "user": "aaaaa"
}

[2023-07-23 04:46:21]--[src_cgi/login_cgi.c:293]--username = aaaaa, pwd = fcea920f7412b5da7be0cf42b8c93759
[2023-07-23 04:46:21]--[src_cgi/login_cgi.c:100]--mysql_user = root, mysql_pwd = 1, mysql_db = 0voice_cloud_disk
[2023-07-23 04:46:21]--[src_cgi/login_cgi.c:160]--redis:[ip=127.0.0.1,port=6379]
[2023-07-23 04:46:21]--[src_cgi/login_cgi.c:184]--tmp = aaaaa692394786215
[2023-07-23 04:46:21]--[src_cgi/login_cgi.c:200]--base64 = JRPJX7BhHcIoUZG2AKOcNm+Ut+5trQL2
[2023-07-23 04:46:21]--[src_cgi/login_cgi.c:302]--token = 8086e8796794e555d129d6ebc20110c8
[2023-07-23 04:46:25]--[src_cgi/login_cgi.c:287]--buf = {
    "pwd": "fcea920f7412b5da7be0cf42b8c93759",
    "user": "aaaaa"
}

[2023-07-23 04:46:25]--[src_cgi/login_cgi.c:293]--username = aaaaa, pwd = fcea920f7412b5da7be0cf42b8c93759
[2023-07-23 04:46:25]--[src_cgi/login_cgi.c:100]--mysql_user = root, mysql_pwd = 1, mysql_db = 0voice_cloud_disk
[2023-07-23 04:46:25]--[src_cgi/login_cgi.c:160]--redis:[ip=127.0.0.1,port=6379]
[2023-07-23 04:46:25]--[src_cgi/login_cgi.c:184]--tmp = aaaaa938402435735
[2023-07-23 04:46:25]--[src_cgi/login_cgi.c:200]--base64 = TfELXwx3g1zleLievuF5Om+Ut+5trQL2
[2023-07-23 04:46:25]--[src_cgi/login_cgi.c:302]--token = 60ac4f762191fc3b5b51100dd33c0e53
[2023-07-23 05:16:33]--[src_cgi/login_cgi.c:287]--buf = {
    "pwd": "fcea920f7412b5da7be0cf42b8c93759",
    "user": "aaaaa"
}

[2023-07-23 05:16:33]--[src_cgi/login_cgi.c:293]--username = aaaaa, pwd = fcea920f7412b5da7be0cf42b8c93759
[2023-07-23 05:16:33]--[src_cgi/login_cgi.c:100]--mysql_user = root, mysql_pwd = 1, mysql_db = 0voice_cloud_disk
[2023-07-23 05:16:33]--[src_cgi/login_cgi.c:160]--redis:[ip=127.0.0.1,port=6379]
[2023-07-23 05:16:33]--[src_cgi/login_cgi.c:184]--tmp = aaaaa354720719857
[2023-07-23 05:16:33]--[src_cgi/login_cgi.c:200]--base64 = Jf9lFSHUhwFcivKF5i5KsfUujTBmz0dF
[2023-07-23 05:16:33]--[src_cgi/login_cgi.c:302]--token = 47c3e2fc0fc7c9349624e353e23c9d1c
